# JRE version: Java(TM) SE Runtime Environment (7.0_79-b15) (build 1.7.0_79-b15)
# Java VM: Java HotSpot(TM) 64-Bit Server VM (24.79-b02 mixed mode windows-amd64 compressed oops)
Heap
 PSYoungGen      total 284672K, used 257910K [0x00000000eaa80000, 0x00000000ff980000, 0x0000000100000000)
  eden space 233472K, 99% used [0x00000000eaa80000,0x00000000f8e59200,0x00000000f8e80000)
  from space 51200K, 48% used [0x00000000fc780000,0x00000000fdf846d0,0x00000000ff980000)
  to   space 54784K, 0% used [0x00000000f8e80000,0x00000000f8e80000,0x00000000fc400000)
 ParOldGen       total 372224K, used 119563K [0x00000000c0000000, 0x00000000d6b80000, 0x00000000eaa80000)
  object space 372224K, 32% used [0x00000000c0000000,0x00000000c74c2db8,0x00000000d6b80000)
 PSPermGen       total 183808K, used 173236K [0x00000000b0000000, 0x00000000bb380000, 0x00000000c0000000)
  object space 183808K, 94% used [0x00000000b0000000,0x00000000ba92d158,0x00000000bb380000)
GC Heap History (10 events):
Event: 15751.367 GC heap before
{Heap before GC invocations=108 (full 21):
 PSYoungGen      total 287744K, used 256110K [0x00000000eaa80000, 0x00000000ffb80000, 0x0000000100000000)
  eden space 233472K, 100% used [0x00000000eaa80000,0x00000000f8e80000,0x00000000f8e80000)
  from space 54272K, 41% used [0x00000000fc680000,0x00000000fdc9b900,0x00000000ffb80000)
  to   space 55808K, 0% used [0x00000000f8e80000,0x00000000f8e80000,0x00000000fc500000)
 ParOldGen       total 372224K, used 112387K [0x00000000c0000000, 0x00000000d6b80000, 0x00000000eaa80000)
  object space 372224K, 30% used [0x00000000c0000000,0x00000000c6dc0f38,0x00000000d6b80000)
 PSPermGen       total 174080K, used 161789K [0x00000000b0000000, 0x00000000baa00000, 0x00000000c0000000)
  object space 174080K, 92% used [0x00000000b0000000,0x00000000b9dff6c8,0x00000000baa00000)
Event: 15751.418 GC heap after
Heap after GC invocations=108 (full 21):
 PSYoungGen      total 289280K, used 31410K [0x00000000eaa80000, 0x0000000100000000, 0x0000000100000000)
  eden space 233472K, 0% used [0x00000000eaa80000,0x00000000eaa80000,0x00000000f8e80000)
  from space 55808K, 56% used [0x00000000f8e80000,0x00000000fad2c908,0x00000000fc500000)
  to   space 55296K, 0% used [0x00000000fca00000,0x00000000fca00000,0x0000000100000000)
 ParOldGen       total 372224K, used 128573K [0x00000000c0000000, 0x00000000d6b80000, 0x00000000eaa80000)
  object space 372224K, 34% used [0x00000000c0000000,0x00000000c7d8f4b0,0x00000000d6b80000)
 PSPermGen       total 174080K, used 161789K [0x00000000b0000000, 0x00000000baa00000, 0x00000000c0000000)
  object space 174080K, 92% used [0x00000000b0000000,0x00000000b9dff6c8,0x00000000baa00000)
}
Event: 15754.591 GC heap before
{Heap before GC invocations=109 (full 21):
 PSYoungGen      total 289280K, used 264882K [0x00000000eaa80000, 0x0000000100000000, 0x0000000100000000)
  eden space 233472K, 100% used [0x00000000eaa80000,0x00000000f8e80000,0x00000000f8e80000)
  from space 55808K, 56% used [0x00000000f8e80000,0x00000000fad2c908,0x00000000fc500000)
  to   space 55296K, 0% used [0x00000000fca00000,0x00000000fca00000,0x0000000100000000)
 ParOldGen       total 372224K, used 128573K [0x00000000c0000000, 0x00000000d6b80000, 0x00000000eaa80000)
  object space 372224K, 34% used [0x00000000c0000000,0x00000000c7d8f4b0,0x00000000d6b80000)
 PSPermGen       total 174080K, used 162417K [0x00000000b0000000, 0x00000000baa00000, 0x00000000c0000000)
  object space 174080K, 93% used [0x00000000b0000000,0x00000000b9e9c448,0x00000000baa00000)
Event: 15754.667 GC heap after
Heap after GC invocations=109 (full 21):
 PSYoungGen      total 288256K, used 42816K [0x00000000eaa80000, 0x0000000100000000, 0x0000000100000000)
  eden space 232960K, 0% used [0x00000000eaa80000,0x00000000eaa80000,0x00000000f8e00000)
  from space 55296K, 77% used [0x00000000fca00000,0x00000000ff3d02e0,0x0000000100000000)
  to   space 58368K, 0% used [0x00000000f8e00000,0x00000000f8e00000,0x00000000fc700000)
 ParOldGen       total 372224K, used 155273K [0x00000000c0000000, 0x00000000d6b80000, 0x00000000eaa80000)
  object space 372224K, 41% used [0x00000000c0000000,0x00000000c97a26a0,0x00000000d6b80000)
 PSPermGen       total 174080K, used 162417K [0x00000000b0000000, 0x00000000baa00000, 0x00000000c0000000)
  object space 174080K, 93% used [0x00000000b0000000,0x00000000b9e9c448,0x00000000baa00000)
}
Event: 15780.971 GC heap before
{Heap before GC invocations=110 (full 21):
 PSYoungGen      total 288256K, used 239391K [0x00000000eaa80000, 0x0000000100000000, 0x0000000100000000)
  eden space 232960K, 84% used [0x00000000eaa80000,0x00000000f6a77980,0x00000000f8e00000)
  from space 55296K, 77% used [0x00000000fca00000,0x00000000ff3d02e0,0x0000000100000000)
  to   space 58368K, 0% used [0x00000000f8e00000,0x00000000f8e00000,0x00000000fc700000)
 ParOldGen       total 372224K, used 155273K [0x00000000c0000000, 0x00000000d6b80000, 0x00000000eaa80000)
  object space 372224K, 41% used [0x00000000c0000000,0x00000000c97a26a0,0x00000000d6b80000)
 PSPermGen       total 174080K, used 163347K [0x00000000b0000000, 0x00000000baa00000, 0x00000000c0000000)
  object space 174080K, 93% used [0x00000000b0000000,0x00000000b9f84f60,0x00000000baa00000)
Event: 15781.038 GC heap after
Heap after GC invocations=110 (full 21):
 PSYoungGen      total 291328K, used 14271K [0x00000000eaa80000, 0x0000000100000000, 0x0000000100000000)
  eden space 232960K, 0% used [0x00000000eaa80000,0x00000000eaa80000,0x00000000f8e00000)
  from space 58368K, 24% used [0x00000000f8e00000,0x00000000f9befc70,0x00000000fc700000)
  to   space 57856K, 0% used [0x00000000fc780000,0x00000000fc780000,0x0000000100000000)
 ParOldGen       total 372224K, used 192764K [0x00000000c0000000, 0x00000000d6b80000, 0x00000000eaa80000)
  object space 372224K, 51% used [0x00000000c0000000,0x00000000cbc3f2f0,0x00000000d6b80000)
 PSPermGen       total 174080K, used 163347K [0x00000000b0000000, 0x00000000baa00000, 0x00000000c0000000)
  object space 174080K, 93% used [0x00000000b0000000,0x00000000b9f84f60,0x00000000baa00000)
}
Event: 15781.038 GC heap before
{Heap before GC invocations=111 (full 22):
 PSYoungGen      total 291328K, used 14271K [0x00000000eaa80000, 0x0000000100000000, 0x0000000100000000)
  eden space 232960K, 0% used [0x00000000eaa80000,0x00000000eaa80000,0x00000000f8e00000)
  from space 58368K, 24% used [0x00000000f8e00000,0x00000000f9befc70,0x00000000fc700000)
  to   space 57856K, 0% used [0x00000000fc780000,0x00000000fc780000,0x0000000100000000)
 ParOldGen       total 372224K, used 192764K [0x00000000c0000000, 0x00000000d6b80000, 0x00000000eaa80000)
  object space 372224K, 51% used [0x00000000c0000000,0x00000000cbc3f2f0,0x00000000d6b80000)
 PSPermGen       total 174080K, used 163347K [0x00000000b0000000, 0x00000000baa00000, 0x00000000c0000000)
  object space 174080K, 93% used [0x00000000b0000000,0x00000000b9f84f60,0x00000000baa00000)
Event: 15782.199 GC heap after
Heap after GC invocations=111 (full 22):
 PSYoungGen      total 291328K, used 0K [0x00000000eaa80000, 0x0000000100000000, 0x0000000100000000)
  eden space 232960K, 0% used [0x00000000eaa80000,0x00000000eaa80000,0x00000000f8e00000)
  from space 58368K, 0% used [0x00000000f8e00000,0x00000000f8e00000,0x00000000fc700000)
  to   space 57856K, 0% used [0x00000000fc780000,0x00000000fc780000,0x0000000100000000)
 ParOldGen       total 372224K, used 119563K [0x00000000c0000000, 0x00000000d6b80000, 0x00000000eaa80000)
  object space 372224K, 32% used [0x00000000c0000000,0x00000000c74c2db8,0x00000000d6b80000)
 PSPermGen       total 183808K, used 162438K [0x00000000b0000000, 0x00000000bb380000, 0x00000000c0000000)
  object space 183808K, 88% used [0x00000000b0000000,0x00000000b9ea1a98,0x00000000bb380000)
}
Event: 18466.681 GC heap before
{Heap before GC invocations=112 (full 22):
 PSYoungGen      total 291328K, used 232960K [0x00000000eaa80000, 0x0000000100000000, 0x0000000100000000)
  eden space 232960K, 100% used [0x00000000eaa80000,0x00000000f8e00000,0x00000000f8e00000)
  from space 58368K, 0% used [0x00000000f8e00000,0x00000000f8e00000,0x00000000fc700000)
  to   space 57856K, 0% used [0x00000000fc780000,0x00000000fc780000,0x0000000100000000)
 ParOldGen       total 372224K, used 119563K [0x00000000c0000000, 0x00000000d6b80000, 0x00000000eaa80000)
  object space 372224K, 32% used [0x00000000c0000000,0x00000000c74c2db8,0x00000000d6b80000)
 PSPermGen       total 183808K, used 169604K [0x00000000b0000000, 0x00000000bb380000, 0x00000000c0000000)
  object space 183808K, 92% used [0x00000000b0000000,0x00000000ba5a1108,0x00000000bb380000)
Event: 18466.708 GC heap after
Heap after GC invocations=112 (full 22):
 PSYoungGen      total 284672K, used 24593K [0x00000000eaa80000, 0x00000000ff980000, 0x0000000100000000)
  eden space 233472K, 0% used [0x00000000eaa80000,0x00000000eaa80000,0x00000000f8e80000)
  from space 51200K, 48% used [0x00000000fc780000,0x00000000fdf846d0,0x00000000ff980000)
  to   space 54784K, 0% used [0x00000000f8e80000,0x00000000f8e80000,0x00000000fc400000)
 ParOldGen       total 372224K, used 119563K [0x00000000c0000000, 0x00000000d6b80000, 0x00000000eaa80000)
  object space 372224K, 32% used [0x00000000c0000000,0x00000000c74c2db8,0x00000000d6b80000)
 PSPermGen       total 183808K, used 169604K [0x00000000b0000000, 0x00000000bb380000, 0x00000000c0000000)
  object space 183808K, 92% used [0x00000000b0000000,0x00000000ba5a1108,0x00000000bb380000)
}

