# JRE version: Java(TM) SE Runtime Environment (7.0_79-b15) (build 1.7.0_79-b15)
# Java VM: Java HotSpot(TM) 64-Bit Server VM (24.79-b02 mixed mode windows-amd64 compressed oops)
Heap
 PSYoungGen      total 293376K, used 70777K [0x00000000eaa80000, 0x0000000100000000, 0x0000000100000000)
  eden space 243712K, 8% used [0x00000000eaa80000,0x00000000ebf24978,0x00000000f9880000)
  from space 49664K, 99% used [0x00000000f9880000,0x00000000fc8f9b28,0x00000000fc900000)
  to   space 56320K, 0% used [0x00000000fc900000,0x00000000fc900000,0x0000000100000000)
 ParOldGen       total 236544K, used 102962K [0x00000000c0000000, 0x00000000ce700000, 0x00000000eaa80000)
  object space 236544K, 43% used [0x00000000c0000000,0x00000000c648c908,0x00000000ce700000)
 PSPermGen       total 126464K, used 84427K [0x00000000b0000000, 0x00000000b7b80000, 0x00000000c0000000)
  object space 126464K, 66% used [0x00000000b0000000,0x00000000b5272c70,0x00000000b7b80000)
GC Heap History (10 events):
Event: 597.961 GC heap before
{Heap before GC invocations=17 (full 3):
 PSYoungGen      total 273408K, used 32233K [0x00000000eaa80000, 0x0000000100000000, 0x0000000100000000)
  eden space 241152K, 0% used [0x00000000eaa80000,0x00000000eaa80000,0x00000000f9600000)
  from space 32256K, 99% used [0x00000000fe080000,0x00000000ffffa450,0x0000000100000000)
  to   space 54272K, 0% used [0x00000000f9600000,0x00000000f9600000,0x00000000fcb00000)
 ParOldGen       total 137216K, used 130600K [0x00000000c0000000, 0x00000000c8600000, 0x00000000eaa80000)
  object space 137216K, 95% used [0x00000000c0000000,0x00000000c7f8a390,0x00000000c8600000)
 PSPermGen       total 115712K, used 72400K [0x00000000b0000000, 0x00000000b7100000, 0x00000000c0000000)
  object space 115712K, 62% used [0x00000000b0000000,0x00000000b46b4048,0x00000000b7100000)
Event: 599.378 GC heap after
Heap after GC invocations=17 (full 3):
 PSYoungGen      total 273408K, used 20243K [0x00000000eaa80000, 0x0000000100000000, 0x0000000100000000)
  eden space 241152K, 0% used [0x00000000eaa80000,0x00000000eaa80000,0x00000000f9600000)
  from space 32256K, 62% used [0x00000000fe080000,0x00000000ff444e50,0x0000000100000000)
  to   space 54272K, 0% used [0x00000000f9600000,0x00000000f9600000,0x00000000fcb00000)
 ParOldGen       total 236544K, used 137214K [0x00000000c0000000, 0x00000000ce700000, 0x00000000eaa80000)
  object space 236544K, 58% used [0x00000000c0000000,0x00000000c85ff820,0x00000000ce700000)
 PSPermGen       total 125440K, used 72393K [0x00000000b0000000, 0x00000000b7a80000, 0x00000000c0000000)
  object space 125440K, 57% used [0x00000000b0000000,0x00000000b46b25a8,0x00000000b7a80000)
}
Event: 623.219 GC heap before
{Heap before GC invocations=18 (full 3):
 PSYoungGen      total 273408K, used 256671K [0x00000000eaa80000, 0x0000000100000000, 0x0000000100000000)
  eden space 241152K, 98% used [0x00000000eaa80000,0x00000000f9162ec8,0x00000000f9600000)
  from space 32256K, 62% used [0x00000000fe080000,0x00000000ff444e50,0x0000000100000000)
  to   space 54272K, 0% used [0x00000000f9600000,0x00000000f9600000,0x00000000fcb00000)
 ParOldGen       total 236544K, used 137214K [0x00000000c0000000, 0x00000000ce700000, 0x00000000eaa80000)
  object space 236544K, 58% used [0x00000000c0000000,0x00000000c85ff820,0x00000000ce700000)
 PSPermGen       total 125440K, used 74066K [0x00000000b0000000, 0x00000000b7a80000, 0x00000000c0000000)
  object space 125440K, 59% used [0x00000000b0000000,0x00000000b4854998,0x00000000b7a80000)
Event: 623.312 GC heap after
Heap after GC invocations=18 (full 3):
 PSYoungGen      total 295424K, used 22113K [0x00000000eaa80000, 0x0000000100000000, 0x0000000100000000)
  eden space 241152K, 0% used [0x00000000eaa80000,0x00000000eaa80000,0x00000000f9600000)
  from space 54272K, 40% used [0x00000000f9600000,0x00000000fab98530,0x00000000fcb00000)
  to   space 51712K, 0% used [0x00000000fcd80000,0x00000000fcd80000,0x0000000100000000)
 ParOldGen       total 236544K, used 157132K [0x00000000c0000000, 0x00000000ce700000, 0x00000000eaa80000)
  object space 236544K, 66% used [0x00000000c0000000,0x00000000c9973108,0x00000000ce700000)
 PSPermGen       total 125440K, used 74066K [0x00000000b0000000, 0x00000000b7a80000, 0x00000000c0000000)
  object space 125440K, 59% used [0x00000000b0000000,0x00000000b4854998,0x00000000b7a80000)
}
Event: 623.312 GC heap before
{Heap before GC invocations=19 (full 4):
 PSYoungGen      total 295424K, used 22113K [0x00000000eaa80000, 0x0000000100000000, 0x0000000100000000)
  eden space 241152K, 0% used [0x00000000eaa80000,0x00000000eaa80000,0x00000000f9600000)
  from space 54272K, 40% used [0x00000000f9600000,0x00000000fab98530,0x00000000fcb00000)
  to   space 51712K, 0% used [0x00000000fcd80000,0x00000000fcd80000,0x0000000100000000)
 ParOldGen       total 236544K, used 157132K [0x00000000c0000000, 0x00000000ce700000, 0x00000000eaa80000)
  object space 236544K, 66% used [0x00000000c0000000,0x00000000c9973108,0x00000000ce700000)
 PSPermGen       total 125440K, used 74066K [0x00000000b0000000, 0x00000000b7a80000, 0x00000000c0000000)
  object space 125440K, 59% used [0x00000000b0000000,0x00000000b4854998,0x00000000b7a80000)
Event: 624.037 GC heap after
Heap after GC invocations=19 (full 4):
 PSYoungGen      total 295424K, used 0K [0x00000000eaa80000, 0x0000000100000000, 0x0000000100000000)
  eden space 241152K, 0% used [0x00000000eaa80000,0x00000000eaa80000,0x00000000f9600000)
  from space 54272K, 0% used [0x00000000f9600000,0x00000000f9600000,0x00000000fcb00000)
  to   space 51712K, 0% used [0x00000000fcd80000,0x00000000fcd80000,0x0000000100000000)
 ParOldGen       total 236544K, used 84848K [0x00000000c0000000, 0x00000000ce700000, 0x00000000eaa80000)
  object space 236544K, 35% used [0x00000000c0000000,0x00000000c52dc380,0x00000000ce700000)
 PSPermGen       total 126464K, used 73439K [0x00000000b0000000, 0x00000000b7b80000, 0x00000000c0000000)
  object space 126464K, 58% used [0x00000000b0000000,0x00000000b47b7fc8,0x00000000b7b80000)
}
Event: 808.661 GC heap before
{Heap before GC invocations=20 (full 4):
 PSYoungGen      total 295424K, used 241152K [0x00000000eaa80000, 0x0000000100000000, 0x0000000100000000)
  eden space 241152K, 100% used [0x00000000eaa80000,0x00000000f9600000,0x00000000f9600000)
  from space 54272K, 0% used [0x00000000f9600000,0x00000000f9600000,0x00000000fcb00000)
  to   space 51712K, 0% used [0x00000000fcd80000,0x00000000fcd80000,0x0000000100000000)
 ParOldGen       total 236544K, used 84848K [0x00000000c0000000, 0x00000000ce700000, 0x00000000eaa80000)
  object space 236544K, 35% used [0x00000000c0000000,0x00000000c52dc380,0x00000000ce700000)
 PSPermGen       total 126464K, used 80673K [0x00000000b0000000, 0x00000000b7b80000, 0x00000000c0000000)
  object space 126464K, 63% used [0x00000000b0000000,0x00000000b4ec8710,0x00000000b7b80000)
Event: 808.686 GC heap after
Heap after GC invocations=20 (full 4):
 PSYoungGen      total 288768K, used 24294K [0x00000000eaa80000, 0x00000000ff980000, 0x0000000100000000)
  eden space 243712K, 0% used [0x00000000eaa80000,0x00000000eaa80000,0x00000000f9880000)
  from space 45056K, 53% used [0x00000000fcd80000,0x00000000fe539878,0x00000000ff980000)
  to   space 49664K, 0% used [0x00000000f9880000,0x00000000f9880000,0x00000000fc900000)
 ParOldGen       total 236544K, used 84848K [0x00000000c0000000, 0x00000000ce700000, 0x00000000eaa80000)
  object space 236544K, 35% used [0x00000000c0000000,0x00000000c52dc380,0x00000000ce700000)
 PSPermGen       total 126464K, used 80673K [0x00000000b0000000, 0x00000000b7b80000, 0x00000000c0000000)
  object space 126464K, 63% used [0x00000000b0000000,0x00000000b4ec8710,0x00000000b7b80000)
}
Event: 813.007 GC heap before
{Heap before GC invocations=21 (full 4):
 PSYoungGen      total 288768K, used 268006K [0x00000000eaa80000, 0x00000000ff980000, 0x0000000100000000)
  eden space 243712K, 100% used [0x00000000eaa80000,0x00000000f9880000,0x00000000f9880000)
  from space 45056K, 53% used [0x00000000fcd80000,0x00000000fe539878,0x00000000ff980000)
  to   space 49664K, 0% used [0x00000000f9880000,0x00000000f9880000,0x00000000fc900000)
 ParOldGen       total 236544K, used 84848K [0x00000000c0000000, 0x00000000ce700000, 0x00000000eaa80000)
  object space 236544K, 35% used [0x00000000c0000000,0x00000000c52dc380,0x00000000ce700000)
 PSPermGen       total 126464K, used 84196K [0x00000000b0000000, 0x00000000b7b80000, 0x00000000c0000000)
  object space 126464K, 66% used [0x00000000b0000000,0x00000000b5239188,0x00000000b7b80000)
Event: 813.084 GC heap after
Heap after GC invocations=21 (full 4):
 PSYoungGen      total 293376K, used 49638K [0x00000000eaa80000, 0x0000000100000000, 0x0000000100000000)
  eden space 243712K, 0% used [0x00000000eaa80000,0x00000000eaa80000,0x00000000f9880000)
  from space 49664K, 99% used [0x00000000f9880000,0x00000000fc8f9b28,0x00000000fc900000)
  to   space 56320K, 0% used [0x00000000fc900000,0x00000000fc900000,0x0000000100000000)
 ParOldGen       total 236544K, used 102962K [0x00000000c0000000, 0x00000000ce700000, 0x00000000eaa80000)
  object space 236544K, 43% used [0x00000000c0000000,0x00000000c648c908,0x00000000ce700000)
 PSPermGen       total 126464K, used 84196K [0x00000000b0000000, 0x00000000b7b80000, 0x00000000c0000000)
  object space 126464K, 66% used [0x00000000b0000000,0x00000000b5239188,0x00000000b7b80000)
}

